# JRE version: Java(TM) SE Runtime Environment (23.0.1+11) (build 23.0.1+11-39)
# Java VM: Java HotSpot(TM) 64-Bit Server VM (23.0.1+11-39, mixed mode, emulated-client, sharing, tiered, compressed oops, compressed class ptrs, g1 gc, windows-amd64)
GC Precious Log:
 CardTable entry size: 512
 Card Set container configuration: InlinePtr #cards 5 size 8 Array Of Cards #cards 10 size 36 Howl #buckets 4 coarsen threshold 1843 Howl Bitmap #cards 512 size 80 coarsen threshold 460 Card regions per heap region 1 cards per card region 2048
 CPUs: 4 total, 4 available
 Memory: 3470M
 Large Page Support: Disabled
 NUMA Support: Disabled
 Compressed Oops: Enabled (32-bit)
 Heap Region Size: 1M
 Heap Min Capacity: 8M
 Heap Initial Capacity: 56M
 Heap Max Capacity: 868M
 Pre-touch: Disabled
 Parallel Workers: 4
 Concurrent Workers: 1
 Concurrent Refinement Workers: 4
 Periodic GC: Disabled
Heap:
 garbage-first heap   total reserved 888832K, committed 51200K, used 29900K [0x00000000c9c00000, 0x0000000100000000)
  region size 1024K, 13 young (13312K), 2 survivors (2048K)
 Metaspace       used 38241K, committed 38720K, reserved 1114112K
  class space    used 5494K, committed 5696K, reserved 1048576K
GC Heap History (20 events):
Event: 2.608 GC heap before
{Heap before GC invocations=0 (full 0):
 garbage-first heap   total reserved 888832K, committed 57344K, used 16384K [0x00000000c9c00000, 0x0000000100000000)
  region size 1024K, 14 young (14336K), 0 survivors (0K)
 Metaspace       used 4827K, committed 4992K, reserved 1114112K
  class space    used 611K, committed 704K, reserved 1048576K
}
Event: 2.618 GC heap after
{Heap after GC invocations=1 (full 0):
 garbage-first heap   total reserved 888832K, committed 57344K, used 7082K [0x00000000c9c00000, 0x0000000100000000)
  region size 1024K, 2 young (2048K), 2 survivors (2048K)
 Metaspace       used 4827K, committed 4992K, reserved 1114112K
  class space    used 611K, committed 704K, reserved 1048576K
}
Event: 3.632 GC heap before
{Heap before GC invocations=1 (full 0):
 garbage-first heap   total reserved 888832K, committed 57344K, used 17322K [0x00000000c9c00000, 0x0000000100000000)
  region size 1024K, 13 young (13312K), 2 survivors (2048K)
 Metaspace       used 8042K, committed 8256K, reserved 1114112K
  class space    used 1059K, committed 1152K, reserved 1048576K
}
Event: 3.640 GC heap after
{Heap after GC invocations=2 (full 0):
 garbage-first heap   total reserved 888832K, committed 57344K, used 8793K [0x00000000c9c00000, 0x0000000100000000)
  region size 1024K, 2 young (2048K), 2 survivors (2048K)
 Metaspace       used 8042K, committed 8256K, reserved 1114112K
  class space    used 1059K, committed 1152K, reserved 1048576K
}
Event: 4.563 GC heap before
{Heap before GC invocations=2 (full 0):
 garbage-first heap   total reserved 888832K, committed 57344K, used 30297K [0x00000000c9c00000, 0x0000000100000000)
  region size 1024K, 24 young (24576K), 2 survivors (2048K)
 Metaspace       used 14413K, committed 14784K, reserved 1114112K
  class space    used 2007K, committed 2176K, reserved 1048576K
}
Event: 4.569 GC heap after
{Heap after GC invocations=3 (full 0):
 garbage-first heap   total reserved 888832K, committed 57344K, used 10763K [0x00000000c9c00000, 0x0000000100000000)
  region size 1024K, 2 young (2048K), 2 survivors (2048K)
 Metaspace       used 14413K, committed 14784K, reserved 1114112K
  class space    used 2007K, committed 2176K, reserved 1048576K
}
Event: 5.250 GC heap before
{Heap before GC invocations=3 (full 0):
 garbage-first heap   total reserved 888832K, committed 57344K, used 33291K [0x00000000c9c00000, 0x0000000100000000)
  region size 1024K, 25 young (25600K), 2 survivors (2048K)
 Metaspace       used 19457K, committed 19840K, reserved 1114112K
  class space    used 2668K, committed 2816K, reserved 1048576K
}
Event: 5.256 GC heap after
{Heap after GC invocations=4 (full 0):
 garbage-first heap   total reserved 888832K, committed 57344K, used 12142K [0x00000000c9c00000, 0x0000000100000000)
  region size 1024K, 4 young (4096K), 4 survivors (4096K)
 Metaspace       used 19457K, committed 19840K, reserved 1114112K
  class space    used 2668K, committed 2816K, reserved 1048576K
}
Event: 5.868 GC heap before
{Heap before GC invocations=4 (full 0):
 garbage-first heap   total reserved 888832K, committed 57344K, used 22382K [0x00000000c9c00000, 0x0000000100000000)
  region size 1024K, 15 young (15360K), 4 survivors (4096K)
 Metaspace       used 21168K, committed 21504K, reserved 1114112K
  class space    used 2884K, committed 3008K, reserved 1048576K
}
Event: 5.877 GC heap after
{Heap after GC invocations=5 (full 0):
 garbage-first heap   total reserved 888832K, committed 57344K, used 13963K [0x00000000c9c00000, 0x0000000100000000)
  region size 1024K, 4 young (4096K), 4 survivors (4096K)
 Metaspace       used 21168K, committed 21504K, reserved 1114112K
  class space    used 2884K, committed 3008K, reserved 1048576K
}
Event: 9.963 GC heap before
{Heap before GC invocations=6 (full 0):
 garbage-first heap   total reserved 888832K, committed 51200K, used 39563K [0x00000000c9c00000, 0x0000000100000000)
  region size 1024K, 29 young (29696K), 4 survivors (4096K)
 Metaspace       used 23895K, committed 24256K, reserved 1114112K
  class space    used 3302K, committed 3456K, reserved 1048576K
}
Event: 9.977 GC heap after
{Heap after GC invocations=7 (full 0):
 garbage-first heap   total reserved 888832K, committed 51200K, used 15492K [0x00000000c9c00000, 0x0000000100000000)
  region size 1024K, 4 young (4096K), 4 survivors (4096K)
 Metaspace       used 23895K, committed 24256K, reserved 1114112K
  class space    used 3302K, committed 3456K, reserved 1048576K
}
Event: 12.515 GC heap before
{Heap before GC invocations=7 (full 0):
 garbage-first heap   total reserved 888832K, committed 51200K, used 36996K [0x00000000c9c00000, 0x0000000100000000)
  region size 1024K, 25 young (25600K), 4 survivors (4096K)
 Metaspace       used 26679K, committed 27072K, reserved 1114112K
  class space    used 3804K, committed 3968K, reserved 1048576K
}
Event: 12.544 GC heap after
{Heap after GC invocations=8 (full 0):
 garbage-first heap   total reserved 888832K, committed 51200K, used 17447K [0x00000000c9c00000, 0x0000000100000000)
  region size 1024K, 4 young (4096K), 4 survivors (4096K)
 Metaspace       used 26679K, committed 27072K, reserved 1114112K
  class space    used 3804K, committed 3968K, reserved 1048576K
}
Event: 13.437 GC heap before
{Heap before GC invocations=8 (full 0):
 garbage-first heap   total reserved 888832K, committed 51200K, used 37927K [0x00000000c9c00000, 0x0000000100000000)
  region size 1024K, 25 young (25600K), 4 survivors (4096K)
 Metaspace       used 29917K, committed 30400K, reserved 1114112K
  class space    used 4243K, committed 4480K, reserved 1048576K
}
Event: 13.451 GC heap after
{Heap after GC invocations=9 (full 0):
 garbage-first heap   total reserved 888832K, committed 51200K, used 19688K [0x00000000c9c00000, 0x0000000100000000)
  region size 1024K, 2 young (2048K), 2 survivors (2048K)
 Metaspace       used 29917K, committed 30400K, reserved 1114112K
  class space    used 4243K, committed 4480K, reserved 1048576K
}
Event: 16.653 GC heap before
{Heap before GC invocations=9 (full 0):
 garbage-first heap   total reserved 888832K, committed 51200K, used 40168K [0x00000000c9c00000, 0x0000000100000000)
  region size 1024K, 23 young (23552K), 2 survivors (2048K)
 Metaspace       used 35380K, committed 35840K, reserved 1114112K
  class space    used 5109K, committed 5312K, reserved 1048576K
}
Event: 16.660 GC heap after
{Heap after GC invocations=10 (full 0):
 garbage-first heap   total reserved 888832K, committed 51200K, used 20730K [0x00000000c9c00000, 0x0000000100000000)
  region size 1024K, 2 young (2048K), 2 survivors (2048K)
 Metaspace       used 35380K, committed 35840K, reserved 1114112K
  class space    used 5109K, committed 5312K, reserved 1048576K
}
Event: 16.681 GC heap before
{Heap before GC invocations=10 (full 0):
 garbage-first heap   total reserved 888832K, committed 51200K, used 20730K [0x00000000c9c00000, 0x0000000100000000)
  region size 1024K, 3 young (3072K), 2 survivors (2048K)
 Metaspace       used 35498K, committed 35968K, reserved 1114112K
  class space    used 5135K, committed 5376K, reserved 1048576K
}
Event: 16.685 GC heap after
{Heap after GC invocations=11 (full 0):
 garbage-first heap   total reserved 888832K, committed 51200K, used 20684K [0x00000000c9c00000, 0x0000000100000000)
  region size 1024K, 2 young (2048K), 2 survivors (2048K)
 Metaspace       used 35498K, committed 35968K, reserved 1114112K
  class space    used 5135K, committed 5376K, reserved 1048576K
}

