# JRE version: OpenJDK Runtime Environment Temurin-21.0.3+9 (21.0.3+9) (build 21.0.3+9-LTS)
# Java VM: OpenJDK 64-Bit Server VM Temurin-21.0.3+9 (21.0.3+9-LTS, mixed mode, emulated-client, tiered, compressed oops, compressed class ptrs, g1 gc, windows-amd64)
GC Precious Log:
 CardTable entry size: 512
 Card Set container configuration: InlinePtr #cards 4 size 8 Array Of Cards #cards 16 size 48 Howl #buckets 8 coarsen threshold 3686 Howl Bitmap #cards 512 size 80 coarsen threshold 460 Card regions per heap region 1 cards per card region 4096
 CPUs: 8 total, 8 available
 Memory: 16167M
 Large Page Support: Disabled
 NUMA Support: Disabled
 Compressed Oops: Enabled (Zero based)
 Heap Region Size: 2M
 Heap Min Capacity: 8M
 Heap Initial Capacity: 254M
 Heap Max Capacity: 4042M
 Pre-touch: Disabled
 Parallel Workers: 8
 Concurrent Workers: 2
 Concurrent Refinement Workers: 8
 Periodic GC: Disabled
Heap:
 garbage-first heap   total 116736K, used 91289K [0x0000000703600000, 0x0000000800000000)
  region size 2048K, 28 young (57344K), 2 survivors (4096K)
 Metaspace       used 94893K, committed 95808K, reserved 1179648K
  class space    used 12684K, committed 13120K, reserved 1048576K
GC Heap History (20 events):
Event: 1645.805 GC heap before
{Heap before GC invocations=39 (full 5):
 garbage-first heap   total 116736K, used 95996K [0x0000000703600000, 0x0000000800000000)
  region size 2048K, 30 young (61440K), 3 survivors (6144K)
 Metaspace       used 93318K, committed 94272K, reserved 1179648K
  class space    used 12545K, committed 12992K, reserved 1048576K
}
Event: 1645.821 GC heap after
{Heap after GC invocations=40 (full 5):
 garbage-first heap   total 141312K, used 42549K [0x0000000703600000, 0x0000000800000000)
  region size 2048K, 2 young (4096K), 2 survivors (4096K)
 Metaspace       used 93318K, committed 94272K, reserved 1179648K
  class space    used 12545K, committed 12992K, reserved 1048576K
}
Event: 1889.200 GC heap before
{Heap before GC invocations=41 (full 5):
 garbage-first heap   total 141312K, used 58694K [0x0000000703600000, 0x0000000800000000)
  region size 2048K, 11 young (22528K), 2 survivors (4096K)
 Metaspace       used 93158K, committed 94272K, reserved 1179648K
  class space    used 12503K, committed 12992K, reserved 1048576K
}
Event: 1889.248 GC heap after
{Heap after GC invocations=42 (full 6):
 garbage-first heap   total 116736K, used 30765K [0x0000000703600000, 0x0000000800000000)
  region size 2048K, 0 young (0K), 0 survivors (0K)
 Metaspace       used 93019K, committed 94272K, reserved 1179648K
  class space    used 12467K, committed 12992K, reserved 1048576K
}
Event: 1890.404 GC heap before
{Heap before GC invocations=42 (full 6):
 garbage-first heap   total 116736K, used 96301K [0x0000000703600000, 0x0000000800000000)
  region size 2048K, 33 young (67584K), 0 survivors (0K)
 Metaspace       used 93334K, committed 94272K, reserved 1179648K
  class space    used 12526K, committed 12992K, reserved 1048576K
}
Event: 1890.408 GC heap after
{Heap after GC invocations=43 (full 6):
 garbage-first heap   total 116736K, used 37051K [0x0000000703600000, 0x0000000800000000)
  region size 2048K, 4 young (8192K), 4 survivors (8192K)
 Metaspace       used 93334K, committed 94272K, reserved 1179648K
  class space    used 12526K, committed 12992K, reserved 1048576K
}
Event: 1891.024 GC heap before
{Heap before GC invocations=44 (full 6):
 garbage-first heap   total 116736K, used 92347K [0x0000000703600000, 0x0000000800000000)
  region size 2048K, 32 young (65536K), 4 survivors (8192K)
 Metaspace       used 93763K, committed 94656K, reserved 1179648K
  class space    used 12572K, committed 12992K, reserved 1048576K
}
Event: 1891.031 GC heap after
{Heap after GC invocations=45 (full 6):
 garbage-first heap   total 116736K, used 41410K [0x0000000703600000, 0x0000000800000000)
  region size 2048K, 3 young (6144K), 3 survivors (6144K)
 Metaspace       used 93763K, committed 94656K, reserved 1179648K
  class space    used 12572K, committed 12992K, reserved 1048576K
}
Event: 1956.166 GC heap before
{Heap before GC invocations=45 (full 6):
 garbage-first heap   total 116736K, used 55746K [0x0000000703600000, 0x0000000800000000)
  region size 2048K, 11 young (22528K), 3 survivors (6144K)
 Metaspace       used 93837K, committed 94720K, reserved 1179648K
  class space    used 12589K, committed 12992K, reserved 1048576K
}
Event: 1956.215 GC heap after
{Heap after GC invocations=46 (full 7):
 garbage-first heap   total 116736K, used 33948K [0x0000000703600000, 0x0000000800000000)
  region size 2048K, 0 young (0K), 0 survivors (0K)
 Metaspace       used 93740K, committed 94720K, reserved 1179648K
  class space    used 12566K, committed 12992K, reserved 1048576K
}
Event: 1956.926 GC heap before
{Heap before GC invocations=46 (full 7):
 garbage-first heap   total 116736K, used 97436K [0x0000000703600000, 0x0000000800000000)
  region size 2048K, 31 young (63488K), 0 survivors (0K)
 Metaspace       used 93924K, committed 94784K, reserved 1179648K
  class space    used 12596K, committed 12992K, reserved 1048576K
}
Event: 1956.930 GC heap after
{Heap after GC invocations=47 (full 7):
 garbage-first heap   total 116736K, used 38711K [0x0000000703600000, 0x0000000800000000)
  region size 2048K, 3 young (6144K), 3 survivors (6144K)
 Metaspace       used 93924K, committed 94784K, reserved 1179648K
  class space    used 12596K, committed 12992K, reserved 1048576K
}
Event: 1957.273 GC heap before
{Heap before GC invocations=47 (full 7):
 garbage-first heap   total 116736K, used 96055K [0x0000000703600000, 0x0000000800000000)
  region size 2048K, 31 young (63488K), 3 survivors (6144K)
 Metaspace       used 94294K, committed 95232K, reserved 1179648K
  class space    used 12624K, committed 13056K, reserved 1048576K
}
Event: 1957.277 GC heap after
{Heap after GC invocations=48 (full 7):
 garbage-first heap   total 116736K, used 41211K [0x0000000703600000, 0x0000000800000000)
  region size 2048K, 2 young (4096K), 2 survivors (4096K)
 Metaspace       used 94294K, committed 95232K, reserved 1179648K
  class space    used 12624K, committed 13056K, reserved 1048576K
}
Event: 2067.610 GC heap before
{Heap before GC invocations=48 (full 7):
 garbage-first heap   total 116736K, used 57595K [0x0000000703600000, 0x0000000800000000)
  region size 2048K, 11 young (22528K), 2 survivors (4096K)
 Metaspace       used 94343K, committed 95232K, reserved 1179648K
  class space    used 12636K, committed 13056K, reserved 1048576K
}
Event: 2067.682 GC heap after
{Heap after GC invocations=49 (full 8):
 garbage-first heap   total 116736K, used 34634K [0x0000000703600000, 0x0000000800000000)
  region size 2048K, 0 young (0K), 0 survivors (0K)
 Metaspace       used 94337K, committed 95232K, reserved 1179648K
  class space    used 12635K, committed 13056K, reserved 1048576K
}
Event: 2069.154 GC heap before
{Heap before GC invocations=49 (full 8):
 garbage-first heap   total 116736K, used 100170K [0x0000000703600000, 0x0000000800000000)
  region size 2048K, 33 young (67584K), 0 survivors (0K)
 Metaspace       used 94542K, committed 95424K, reserved 1179648K
  class space    used 12662K, committed 13056K, reserved 1048576K
}
Event: 2069.162 GC heap after
{Heap after GC invocations=50 (full 8):
 garbage-first heap   total 116736K, used 39528K [0x0000000703600000, 0x0000000800000000)
  region size 2048K, 3 young (6144K), 3 survivors (6144K)
 Metaspace       used 94542K, committed 95424K, reserved 1179648K
  class space    used 12662K, committed 13056K, reserved 1048576K
}
Event: 2070.140 GC heap before
{Heap before GC invocations=50 (full 8):
 garbage-first heap   total 116736K, used 98920K [0x0000000703600000, 0x0000000800000000)
  region size 2048K, 32 young (65536K), 3 survivors (6144K)
 Metaspace       used 94879K, committed 95808K, reserved 1179648K
  class space    used 12682K, committed 13120K, reserved 1048576K
}
Event: 2070.147 GC heap after
{Heap after GC invocations=51 (full 8):
 garbage-first heap   total 116736K, used 42137K [0x0000000703600000, 0x0000000800000000)
  region size 2048K, 2 young (4096K), 2 survivors (4096K)
 Metaspace       used 94879K, committed 95808K, reserved 1179648K
  class space    used 12682K, committed 13120K, reserved 1048576K
}

